2024-10-08 06:13:45.711  INFO 11138 --- [main] c.r.SpringBootRestServiceApplication     : Starting SpringBootRestServiceApplication using Java 1.8.0_382 on tspencers-MacBook-Pro.local with PID 11138 (/Users/tspencer/Desktop/Code Projects/SpringBootRestService/target/classes started by tspencer in /Users/tspencer/Desktop/Code Projects/SpringBootRestService)
2024-10-08 06:13:45.714  INFO 11138 --- [main] c.r.SpringBootRestServiceApplication     : No active profile set, falling back to default profiles: default
2024-10-08 06:13:46.027  INFO 11138 --- [main] .s.d.r.c.RepositoryConfigurationDelegate : Bootstrapping Spring Data JPA repositories in DEFAULT mode.
2024-10-08 06:13:46.053  INFO 11138 --- [main] .s.d.r.c.RepositoryConfigurationDelegate : Finished Spring Data repository scanning in 22 ms. Found 1 JPA repository interfaces.
2024-10-08 06:13:46.259  INFO 11138 --- [main] o.s.b.w.embedded.tomcat.TomcatWebServer  : Tomcat initialized with port(s): 8080 (http)
2024-10-08 06:13:46.263  INFO 11138 --- [main] o.apache.catalina.core.StandardService   : Starting service [Tomcat]
2024-10-08 06:13:46.263  INFO 11138 --- [main] org.apache.catalina.core.StandardEngine  : Starting Servlet engine: [Apache Tomcat/9.0.48]
2024-10-08 06:13:46.303  INFO 11138 --- [main] o.a.c.c.C.[Tomcat].[localhost].[/]       : Initializing Spring embedded WebApplicationContext
2024-10-08 06:13:46.303  INFO 11138 --- [main] w.s.c.ServletWebServerApplicationContext : Root WebApplicationContext: initialization completed in 565 ms
2024-10-08 06:13:46.340  INFO 11138 --- [main] com.zaxxer.hikari.HikariDataSource       : HikariPool-1 - Starting...
2024-10-08 06:13:46.341  WARN 11138 --- [main] com.zaxxer.hikari.util.DriverDataSource  : Registered driver with driverClassName=com.mysql.jdbc.Driver was not found, trying direct instantiation.
2024-10-08 06:13:46.567  INFO 11138 --- [main] com.zaxxer.hikari.HikariDataSource       : HikariPool-1 - Start completed.
2024-10-08 06:13:46.643  INFO 11138 --- [main] o.hibernate.jpa.internal.util.LogHelper  : HHH000204: Processing PersistenceUnitInfo [name: default]
2024-10-08 06:13:46.662  INFO 11138 --- [main] org.hibernate.Version                    : HHH000412: Hibernate ORM core version 5.4.32.Final
2024-10-08 06:13:46.712  INFO 11138 --- [main] o.hibernate.annotations.common.Version   : HCANN000001: Hibernate Commons Annotations {5.1.2.Final}
2024-10-08 06:13:46.752  INFO 11138 --- [main] org.hibernate.dialect.Dialect            : HHH000400: Using dialect: org.hibernate.dialect.MySQL5InnoDBDialect
2024-10-08 06:13:46.991  INFO 11138 --- [main] o.h.e.t.j.p.i.JtaPlatformInitiator       : HHH000490: Using JtaPlatform implementation: [org.hibernate.engine.transaction.jta.platform.internal.NoJtaPlatform]
2024-10-08 06:13:46.996  INFO 11138 --- [main] j.LocalContainerEntityManagerFactoryBean : Initialized JPA EntityManagerFactory for persistence unit 'default'
2024-10-08 06:13:47.126  WARN 11138 --- [main] JpaBaseConfiguration$JpaWebConfiguration : spring.jpa.open-in-view is enabled by default. Therefore, database queries may be performed during view rendering. Explicitly configure spring.jpa.open-in-view to disable this warning
2024-10-08 06:13:47.291  INFO 11138 --- [main] o.s.b.w.embedded.tomcat.TomcatWebServer  : Tomcat started on port(s): 8080 (http) with context path ''
2024-10-08 06:13:47.297  INFO 11138 --- [main] c.r.SpringBootRestServiceApplication     : Started SpringBootRestServiceApplication in 1.774 seconds (JVM running for 2.095)
2024-10-08 06:33:49.813  INFO 11138 --- [SpringApplicationShutdownHook] j.LocalContainerEntityManagerFactoryBean : Closing JPA EntityManagerFactory for persistence unit 'default'
2024-10-08 06:33:49.815  INFO 11138 --- [SpringApplicationShutdownHook] com.zaxxer.hikari.HikariDataSource       : HikariPool-1 - Shutdown initiated...
2024-10-08 06:33:49.828  INFO 11138 --- [SpringApplicationShutdownHook] com.zaxxer.hikari.HikariDataSource       : HikariPool-1 - Shutdown completed.
2024-10-08 06:33:51.854  INFO 11931 --- [main] c.r.SpringBootRestServiceApplication     : Starting SpringBootRestServiceApplication using Java 1.8.0_382 on tspencers-MacBook-Pro.local with PID 11931 (/Users/tspencer/Desktop/Code Projects/SpringBootRestService/target/classes started by tspencer in /Users/tspencer/Desktop/Code Projects/SpringBootRestService)
2024-10-08 06:33:51.855  INFO 11931 --- [main] c.r.SpringBootRestServiceApplication     : No active profile set, falling back to default profiles: default
2024-10-08 06:33:52.122  INFO 11931 --- [main] .s.d.r.c.RepositoryConfigurationDelegate : Bootstrapping Spring Data JPA repositories in DEFAULT mode.
2024-10-08 06:33:52.145  INFO 11931 --- [main] .s.d.r.c.RepositoryConfigurationDelegate : Finished Spring Data repository scanning in 19 ms. Found 1 JPA repository interfaces.
2024-10-08 06:33:52.321  INFO 11931 --- [main] o.s.b.w.embedded.tomcat.TomcatWebServer  : Tomcat initialized with port(s): 8080 (http)
2024-10-08 06:33:52.324  INFO 11931 --- [main] o.apache.catalina.core.StandardService   : Starting service [Tomcat]
2024-10-08 06:33:52.324  INFO 11931 --- [main] org.apache.catalina.core.StandardEngine  : Starting Servlet engine: [Apache Tomcat/9.0.48]
2024-10-08 06:33:52.365  INFO 11931 --- [main] o.a.c.c.C.[Tomcat].[localhost].[/]       : Initializing Spring embedded WebApplicationContext
2024-10-08 06:33:52.365  INFO 11931 --- [main] w.s.c.ServletWebServerApplicationContext : Root WebApplicationContext: initialization completed in 490 ms
2024-10-08 06:33:52.400  INFO 11931 --- [main] com.zaxxer.hikari.HikariDataSource       : HikariPool-1 - Starting...
2024-10-08 06:33:52.401  WARN 11931 --- [main] com.zaxxer.hikari.util.DriverDataSource  : Registered driver with driverClassName=com.mysql.jdbc.Driver was not found, trying direct instantiation.
2024-10-08 06:33:52.574  INFO 11931 --- [main] com.zaxxer.hikari.HikariDataSource       : HikariPool-1 - Start completed.
2024-10-08 06:33:52.642  INFO 11931 --- [main] o.hibernate.jpa.internal.util.LogHelper  : HHH000204: Processing PersistenceUnitInfo [name: default]
2024-10-08 06:33:52.657  INFO 11931 --- [main] org.hibernate.Version                    : HHH000412: Hibernate ORM core version 5.4.32.Final
2024-10-08 06:33:52.693  INFO 11931 --- [main] o.hibernate.annotations.common.Version   : HCANN000001: Hibernate Commons Annotations {5.1.2.Final}
2024-10-08 06:33:52.724  INFO 11931 --- [main] org.hibernate.dialect.Dialect            : HHH000400: Using dialect: org.hibernate.dialect.MySQL5InnoDBDialect
2024-10-08 06:33:52.919  INFO 11931 --- [main] o.h.e.t.j.p.i.JtaPlatformInitiator       : HHH000490: Using JtaPlatform implementation: [org.hibernate.engine.transaction.jta.platform.internal.NoJtaPlatform]
2024-10-08 06:33:52.923  INFO 11931 --- [main] j.LocalContainerEntityManagerFactoryBean : Initialized JPA EntityManagerFactory for persistence unit 'default'
2024-10-08 06:33:53.036  WARN 11931 --- [main] JpaBaseConfiguration$JpaWebConfiguration : spring.jpa.open-in-view is enabled by default. Therefore, database queries may be performed during view rendering. Explicitly configure spring.jpa.open-in-view to disable this warning
2024-10-08 06:33:53.192  INFO 11931 --- [main] o.s.b.w.embedded.tomcat.TomcatWebServer  : Tomcat started on port(s): 8080 (http) with context path ''
2024-10-08 06:33:53.198  INFO 11931 --- [main] c.r.SpringBootRestServiceApplication     : Started SpringBootRestServiceApplication in 1.517 seconds (JVM running for 1.949)
2024-10-08 06:41:13.528  INFO 11931 --- [SpringApplicationShutdownHook] j.LocalContainerEntityManagerFactoryBean : Closing JPA EntityManagerFactory for persistence unit 'default'
2024-10-08 06:41:13.529  INFO 11931 --- [SpringApplicationShutdownHook] com.zaxxer.hikari.HikariDataSource       : HikariPool-1 - Shutdown initiated...
2024-10-08 06:41:13.538  INFO 11931 --- [SpringApplicationShutdownHook] com.zaxxer.hikari.HikariDataSource       : HikariPool-1 - Shutdown completed.
2024-10-08 06:41:16.193  INFO 12332 --- [main] c.r.SpringBootRestServiceApplication     : Starting SpringBootRestServiceApplication using Java 1.8.0_382 on tspencers-MacBook-Pro.local with PID 12332 (/Users/tspencer/Desktop/Code Projects/SpringBootRestService/target/classes started by tspencer in /Users/tspencer/Desktop/Code Projects/SpringBootRestService)
2024-10-08 06:41:16.195  INFO 12332 --- [main] c.r.SpringBootRestServiceApplication     : No active profile set, falling back to default profiles: default
2024-10-08 06:41:16.467  INFO 12332 --- [main] .s.d.r.c.RepositoryConfigurationDelegate : Bootstrapping Spring Data JPA repositories in DEFAULT mode.
2024-10-08 06:41:16.488  INFO 12332 --- [main] .s.d.r.c.RepositoryConfigurationDelegate : Finished Spring Data repository scanning in 18 ms. Found 1 JPA repository interfaces.
2024-10-08 06:41:16.680  INFO 12332 --- [main] o.s.b.w.embedded.tomcat.TomcatWebServer  : Tomcat initialized with port(s): 8080 (http)
2024-10-08 06:41:16.683  INFO 12332 --- [main] o.apache.catalina.core.StandardService   : Starting service [Tomcat]
2024-10-08 06:41:16.683  INFO 12332 --- [main] org.apache.catalina.core.StandardEngine  : Starting Servlet engine: [Apache Tomcat/9.0.48]
2024-10-08 06:41:16.728  INFO 12332 --- [main] o.a.c.c.C.[Tomcat].[localhost].[/]       : Initializing Spring embedded WebApplicationContext
2024-10-08 06:41:16.728  INFO 12332 --- [main] w.s.c.ServletWebServerApplicationContext : Root WebApplicationContext: initialization completed in 514 ms
2024-10-08 06:41:16.760  INFO 12332 --- [main] com.zaxxer.hikari.HikariDataSource       : HikariPool-1 - Starting...
2024-10-08 06:41:16.761  WARN 12332 --- [main] com.zaxxer.hikari.util.DriverDataSource  : Registered driver with driverClassName=com.mysql.jdbc.Driver was not found, trying direct instantiation.
2024-10-08 06:41:16.945  INFO 12332 --- [main] com.zaxxer.hikari.HikariDataSource       : HikariPool-1 - Start completed.
2024-10-08 06:41:17.008  INFO 12332 --- [main] o.hibernate.jpa.internal.util.LogHelper  : HHH000204: Processing PersistenceUnitInfo [name: default]
2024-10-08 06:41:17.022  INFO 12332 --- [main] org.hibernate.Version                    : HHH000412: Hibernate ORM core version 5.4.32.Final
2024-10-08 06:41:17.056  INFO 12332 --- [main] o.hibernate.annotations.common.Version   : HCANN000001: Hibernate Commons Annotations {5.1.2.Final}
2024-10-08 06:41:17.089  INFO 12332 --- [main] org.hibernate.dialect.Dialect            : HHH000400: Using dialect: org.hibernate.dialect.MySQL5InnoDBDialect
2024-10-08 06:41:17.291  INFO 12332 --- [main] o.h.e.t.j.p.i.JtaPlatformInitiator       : HHH000490: Using JtaPlatform implementation: [org.hibernate.engine.transaction.jta.platform.internal.NoJtaPlatform]
2024-10-08 06:41:17.294  INFO 12332 --- [main] j.LocalContainerEntityManagerFactoryBean : Initialized JPA EntityManagerFactory for persistence unit 'default'
2024-10-08 06:41:17.407  WARN 12332 --- [main] JpaBaseConfiguration$JpaWebConfiguration : spring.jpa.open-in-view is enabled by default. Therefore, database queries may be performed during view rendering. Explicitly configure spring.jpa.open-in-view to disable this warning
2024-10-08 06:41:17.571  INFO 12332 --- [main] o.s.b.w.embedded.tomcat.TomcatWebServer  : Tomcat started on port(s): 8080 (http) with context path ''
2024-10-08 06:41:17.577  INFO 12332 --- [main] c.r.SpringBootRestServiceApplication     : Started SpringBootRestServiceApplication in 1.555 seconds (JVM running for 2.001)
2024-10-08 07:00:10.740  INFO 12332 --- [http-nio-8080-exec-1] o.a.c.c.C.[Tomcat].[localhost].[/]       : Initializing Spring DispatcherServlet 'dispatcherServlet'
2024-10-08 07:00:10.741  INFO 12332 --- [http-nio-8080-exec-1] o.s.web.servlet.DispatcherServlet        : Initializing Servlet 'dispatcherServlet'
2024-10-08 07:00:10.743  INFO 12332 --- [http-nio-8080-exec-1] o.s.web.servlet.DispatcherServlet        : Completed initialization in 2 ms
